<?xml version="1.0" encoding="UTF-8"?>
<!-- Generated by org.testng.reporters.JUnitXMLReporter -->
<testsuite hostname="VDQADEV01-O8TK5" name="Login Test" tests="5" failures="0" timestamp="29 Jan 2015 15:03:11 GMT" time="9.469" errors="0">
  <testcase name="verifyNewProjectIsCreatedCorrectly" time="4.474" classname="tests.TestCreateNewProject"/>
  <testcase name="verifyNewUserStoryIsCreatedCorrectly" time="1.806" classname="tests.TestCreateNewUserStory"/>
  <testcase name="testMethod" time="0.991" classname="parameters.ParameterDataproviderWithClassLevel"/>
  <testcase name="testMethod" time="0.992" classname="parameters.ParameterDataproviderWithClassLevel"/>
  <testcase name="testMethod" time="1.166" classname="parameters.ParameterDataproviderWithClassLevel"/>
</testsuite> <!-- Login Test -->
