<?xml version="1.0" encoding="UTF-8"?>
<!-- Generated by org.testng.reporters.JUnitXMLReporter -->
<testsuite hostname="VDQADEV01-O8TK5" name="Project" tests="9" failures="0" timestamp="11 Feb 2015 19:50:33 GMT" time="79.912" errors="0">
  <testcase name="verifyNewProjectIsCreatedCorrectly" time="17.437" classname="tests.TestCreateNewProject"/>
  <testcase name="verifyNewProjectIsUpdatedCorrectly" time="3.687" classname="tests.TestUpdateProject"/>
  <testcase name="testMethod" time="6.217" classname="tests.TestCreateUserStoriesWithDataprovider"/>
  <testcase name="testMethod" time="3.877" classname="tests.TestCreateUserStoriesWithDataprovider"/>
  <testcase name="testMethod" time="3.429" classname="tests.TestCreateUserStoriesWithDataprovider"/>
  <testcase name="verifyNewUserStoryIsCreatedWithTasksCorrectly" time="4.425" classname="tests.TestCreateNewUserStoriesWithExcel"/>
  <testcase name="verifyNewUserStoryIsCreatedWithTasksCorrectly" time="4.03" classname="tests.TestCreateNewUserStoriesWithExcel"/>
  <testcase name="verifyNewUserStoryIsCreatedWithTasksCorrectly" time="4.159" classname="tests.TestCreateNewUserStoriesWithExcel"/>
  <testcase name="verifyNewUserStoriesAreCreatedCorrectly" time="11.109" classname="tests.TestCreateOneProjectWithThreeUserStoriesWithJXL"/>
</testsuite> <!-- Project -->
