<?xml version="1.0" encoding="UTF-8"?>
<!-- Generated by org.testng.reporters.JUnitXMLReporter -->
<testsuite hostname="VDQADEV01-O8TK5" name="Project" tests="9" failures="0" timestamp="11 Feb 2015 14:14:23 GMT" time="70.842" errors="0">
  <testcase name="verifyNewProjectIsCreatedCorrectly" time="4.833" classname="tests.TestCreateNewProject"/>
  <testcase name="verifyNewProjectIsUpdatedCorrectly" time="4.114" classname="tests.TestUpdateProject"/>
  <testcase name="testMethod" time="5.894" classname="tests.TestCreateUserStoriesWithDataprovider"/>
  <testcase name="testMethod" time="3.66" classname="tests.TestCreateUserStoriesWithDataprovider"/>
  <testcase name="testMethod" time="3.675" classname="tests.TestCreateUserStoriesWithDataprovider"/>
  <testcase name="verifyNewUserStoryIsCreatedWithTasksCorrectly" time="4.233" classname="tests.TestCreateNewUserStoriesWithExcel"/>
  <testcase name="verifyNewUserStoryIsCreatedWithTasksCorrectly" time="4.173" classname="tests.TestCreateNewUserStoriesWithExcel"/>
  <testcase name="verifyNewUserStoryIsCreatedWithTasksCorrectly" time="3.551" classname="tests.TestCreateNewUserStoriesWithExcel"/>
  <testcase name="verifyNewProjectIsCreatedCorrectly" time="13.78" classname="tests.TestCreateOneProjectWithThreeUserStoriesWithJXL"/>
</testsuite> <!-- Project -->
