<?xml version="1.0" encoding="UTF-8"?>
<testsuite name="Project"
           tests="3"
           failures="0"
           errors="0"
           skipped="0"
           time="13.094">
  <properties />
  
  
            <testcase name="verifyNewUserStoryIsCreatedWithTasksCorrectly" time="3.703" classname="tests.TestCreateNewUserStoriesWithExcel" />
                <testcase name="verifyNewUserStoryIsCreatedWithTasksCorrectly" time="4.218" classname="tests.TestCreateNewUserStoriesWithExcel" />
                <testcase name="verifyNewUserStoryIsCreatedWithTasksCorrectly" time="5.173" classname="tests.TestCreateNewUserStoriesWithExcel" />
      
</testsuite>
