<?xml version="1.0" encoding="UTF-8"?>
<testsuite name="Project"
           tests="3"
           failures="0"
           errors="0"
           skipped="0"
           time="11.334">
  <properties />
  
  
            <testcase name="testMethod" time="3.315" classname="tests.TestCreateUserStoriesWithDataprovider" />
                <testcase name="testMethod" time="5.393" classname="tests.TestCreateUserStoriesWithDataprovider" />
                <testcase name="testMethod" time="2.626" classname="tests.TestCreateUserStoriesWithDataprovider" />
      
</testsuite>
