<?xml version="1.0" encoding="UTF-8"?>
<testsuite name="Project"
           tests="3"
           failures="0"
           errors="0"
           skipped="0"
           time="8.262">
  <properties />
  
  
            <testcase name="verifyNewUserStoryIsCreatedWithTasksCorrectly" time="3.325" classname="tests.TestCreateNewUserStoriesWithExcel" />
                <testcase name="verifyNewUserStoryIsCreatedWithTasksCorrectly" time="2.750" classname="tests.TestCreateNewUserStoriesWithExcel" />
                <testcase name="verifyNewUserStoryIsCreatedWithTasksCorrectly" time="2.187" classname="tests.TestCreateNewUserStoriesWithExcel" />
      
</testsuite>
