<?xml version="1.0" encoding="UTF-8"?>
<testsuite name="Project"
           tests="3"
           failures="0"
           errors="0"
           skipped="0"
           time="8.176">
  <properties />
  
  
            <testcase name="verifyAProjectWithUserStoriesIsCreatedWithDataproviderCorrectly" time="4.054" classname="tests.TestCreateUserStoriesWithDataprovider" />
                <testcase name="verifyAProjectWithUserStoriesIsCreatedWithDataproviderCorrectly" time="2.369" classname="tests.TestCreateUserStoriesWithDataprovider" />
                <testcase name="verifyAProjectWithUserStoriesIsCreatedWithDataproviderCorrectly" time="1.753" classname="tests.TestCreateUserStoriesWithDataprovider" />
      
</testsuite>
