<?xml version="1.0" encoding="UTF-8"?>
<testng-results skipped="0" failed="0" total="9" passed="9">
  <reporter-output>
  </reporter-output>
  <suite name="JAT_Test_Suite" duration-ms="79912" started-at="2015-02-11T19:49:13Z" finished-at="2015-02-11T19:50:33Z">
    <groups>
    </groups>
    <test name="Project" duration-ms="79912" started-at="2015-02-11T19:49:13Z" finished-at="2015-02-11T19:50:33Z">
      <class name="tests.TestCreateUserStoriesWithDataprovider">
        <test-method status="PASS" signature="preConditions()[pri:0, instance:tests.TestCreateUserStoriesWithDataprovider@4a8355dd]" name="preConditions" is-config="true" duration-ms="2109" started-at="2015-02-11T15:49:39Z" finished-at="2015-02-11T15:49:42Z">
          <reporter-output>
          </reporter-output>
        </test-method> <!-- preConditions -->
        <test-method status="PASS" signature="testMethod(java.lang.String, java.lang.String, java.lang.String, java.lang.String, java.lang.String, java.lang.String, java.lang.String)[pri:0, instance:tests.TestCreateUserStoriesWithDataprovider@4a8355dd]" name="testMethod" duration-ms="6217" started-at="2015-02-11T15:49:42Z" data-provider="SearchProvider" finished-at="2015-02-11T15:49:48Z">
          <params>
            <param index="0">
              <value>
                <![CDATA[Story1]]>
              </value>
            </param>
            <param index="1">
              <value>
                <![CDATA[Bug]]>
              </value>
            </param>
            <param index="2">
              <value>
                <![CDATA[1]]>
              </value>
            </param>
            <param index="3">
              <value>
                <![CDATA[Unstarted]]>
              </value>
            </param>
            <param index="4">
              <value>
                <![CDATA[Juan Carlos Guevara Ramirez]]>
              </value>
            </param>
            <param index="5">
              <value>
                <![CDATA[Description 1]]>
              </value>
            </param>
            <param index="6">
              <value>
                <![CDATA[Optimized poorly]]>
              </value>
            </param>
          </params>
          <reporter-output>
          </reporter-output>
        </test-method> <!-- testMethod -->
        <test-method status="PASS" signature="testMethod(java.lang.String, java.lang.String, java.lang.String, java.lang.String, java.lang.String, java.lang.String, java.lang.String)[pri:0, instance:tests.TestCreateUserStoriesWithDataprovider@4a8355dd]" name="testMethod" duration-ms="3877" started-at="2015-02-11T15:49:48Z" data-provider="SearchProvider" finished-at="2015-02-11T15:49:52Z">
          <params>
            <param index="0">
              <value>
                <![CDATA[Story2]]>
              </value>
            </param>
            <param index="1">
              <value>
                <![CDATA[Spike]]>
              </value>
            </param>
            <param index="2">
              <value>
                <![CDATA[2]]>
              </value>
            </param>
            <param index="3">
              <value>
                <![CDATA[Unstarted]]>
              </value>
            </param>
            <param index="4">
              <value>
                <![CDATA[Juan Carlos Guevara Ramirez]]>
              </value>
            </param>
            <param index="5">
              <value>
                <![CDATA[Description 2]]>
              </value>
            </param>
            <param index="6">
              <value>
                <![CDATA[Optimized medium]]>
              </value>
            </param>
          </params>
          <reporter-output>
          </reporter-output>
        </test-method> <!-- testMethod -->
        <test-method status="PASS" signature="testMethod(java.lang.String, java.lang.String, java.lang.String, java.lang.String, java.lang.String, java.lang.String, java.lang.String)[pri:0, instance:tests.TestCreateUserStoriesWithDataprovider@4a8355dd]" name="testMethod" duration-ms="3429" started-at="2015-02-11T15:49:52Z" data-provider="SearchProvider" finished-at="2015-02-11T15:49:55Z">
          <params>
            <param index="0">
              <value>
                <![CDATA[Story3]]>
              </value>
            </param>
            <param index="1">
              <value>
                <![CDATA[Bug]]>
              </value>
            </param>
            <param index="2">
              <value>
                <![CDATA[3]]>
              </value>
            </param>
            <param index="3">
              <value>
                <![CDATA[Unstarted]]>
              </value>
            </param>
            <param index="4">
              <value>
                <![CDATA[Juan Carlos Guevara Ramirez]]>
              </value>
            </param>
            <param index="5">
              <value>
                <![CDATA[Description 3]]>
              </value>
            </param>
            <param index="6">
              <value>
                <![CDATA[Optimized high]]>
              </value>
            </param>
          </params>
          <reporter-output>
          </reporter-output>
        </test-method> <!-- testMethod -->
        <test-method status="PASS" signature="cleanEnvironment()[pri:0, instance:tests.TestCreateUserStoriesWithDataprovider@4a8355dd]" name="cleanEnvironment" is-config="true" duration-ms="1738" started-at="2015-02-11T15:49:55Z" finished-at="2015-02-11T15:49:57Z">
          <reporter-output>
          </reporter-output>
        </test-method> <!-- cleanEnvironment -->
      </class> <!-- tests.TestCreateUserStoriesWithDataprovider -->
      <class name="tests.TestCreateOneProjectWithThreeUserStoriesWithJXL">
        <test-method status="PASS" signature="preConditions()[pri:0, instance:tests.TestCreateOneProjectWithThreeUserStoriesWithJXL@66982506]" name="preConditions" is-config="true" duration-ms="4297" started-at="2015-02-11T15:50:16Z" finished-at="2015-02-11T15:50:20Z">
          <reporter-output>
          </reporter-output>
        </test-method> <!-- preConditions -->
        <test-method status="PASS" signature="verifyNewUserStoriesAreCreatedCorrectly()[pri:0, instance:tests.TestCreateOneProjectWithThreeUserStoriesWithJXL@66982506]" name="verifyNewUserStoriesAreCreatedCorrectly" duration-ms="11109" started-at="2015-02-11T15:50:20Z" finished-at="2015-02-11T15:50:31Z">
          <reporter-output>
          </reporter-output>
        </test-method> <!-- verifyNewUserStoriesAreCreatedCorrectly -->
        <test-method status="PASS" signature="cleanEnvironment()[pri:0, instance:tests.TestCreateOneProjectWithThreeUserStoriesWithJXL@66982506]" name="cleanEnvironment" is-config="true" duration-ms="2003" started-at="2015-02-11T15:50:31Z" finished-at="2015-02-11T15:50:33Z">
          <reporter-output>
          </reporter-output>
        </test-method> <!-- cleanEnvironment -->
      </class> <!-- tests.TestCreateOneProjectWithThreeUserStoriesWithJXL -->
      <class name="tests.TestCreateNewUserStoriesWithExcel">
        <test-method status="PASS" signature="preConditions()[pri:0, instance:tests.TestCreateNewUserStoriesWithExcel@536f2a7e]" name="preConditions" is-config="true" duration-ms="2906" started-at="2015-02-11T15:49:57Z" finished-at="2015-02-11T15:50:00Z">
          <reporter-output>
          </reporter-output>
        </test-method> <!-- preConditions -->
        <test-method status="PASS" signature="verifyNewUserStoryIsCreatedWithTasksCorrectly(java.lang.String, java.lang.String, java.lang.String, java.lang.String, java.lang.String, java.lang.String, java.lang.String)[pri:0, instance:tests.TestCreateNewUserStoriesWithExcel@536f2a7e]" name="verifyNewUserStoryIsCreatedWithTasksCorrectly" duration-ms="4425" started-at="2015-02-11T15:50:01Z" data-provider="UserStoryData" finished-at="2015-02-11T15:50:06Z">
          <params>
            <param index="0">
              <value>
                <![CDATA[Story4]]>
              </value>
            </param>
            <param index="1">
              <value>
                <![CDATA[Feature]]>
              </value>
            </param>
            <param index="2">
              <value>
                <![CDATA[1]]>
              </value>
            </param>
            <param index="3">
              <value>
                <![CDATA[Unstarted]]>
              </value>
            </param>
            <param index="4">
              <value>
                <![CDATA[Juan Carlos Guevara Ramirez]]>
              </value>
            </param>
            <param index="5">
              <value>
                <![CDATA[Description 4]]>
              </value>
            </param>
            <param index="6">
              <value>
                <![CDATA[Poorly Optimized ]]>
              </value>
            </param>
          </params>
          <reporter-output>
          </reporter-output>
        </test-method> <!-- verifyNewUserStoryIsCreatedWithTasksCorrectly -->
        <test-method status="PASS" signature="verifyNewUserStoryIsCreatedWithTasksCorrectly(java.lang.String, java.lang.String, java.lang.String, java.lang.String, java.lang.String, java.lang.String, java.lang.String)[pri:0, instance:tests.TestCreateNewUserStoriesWithExcel@536f2a7e]" name="verifyNewUserStoryIsCreatedWithTasksCorrectly" duration-ms="4030" started-at="2015-02-11T15:50:06Z" data-provider="UserStoryData" finished-at="2015-02-11T15:50:10Z">
          <params>
            <param index="0">
              <value>
                <![CDATA[Story5]]>
              </value>
            </param>
            <param index="1">
              <value>
                <![CDATA[Bug]]>
              </value>
            </param>
            <param index="2">
              <value>
                <![CDATA[1]]>
              </value>
            </param>
            <param index="3">
              <value>
                <![CDATA[Unstarted]]>
              </value>
            </param>
            <param index="4">
              <value>
                <![CDATA[Juan Carlos Guevara Ramirez]]>
              </value>
            </param>
            <param index="5">
              <value>
                <![CDATA[Description 5]]>
              </value>
            </param>
            <param index="6">
              <value>
                <![CDATA[Medium Optimized ]]>
              </value>
            </param>
          </params>
          <reporter-output>
          </reporter-output>
        </test-method> <!-- verifyNewUserStoryIsCreatedWithTasksCorrectly -->
        <test-method status="PASS" signature="verifyNewUserStoryIsCreatedWithTasksCorrectly(java.lang.String, java.lang.String, java.lang.String, java.lang.String, java.lang.String, java.lang.String, java.lang.String)[pri:0, instance:tests.TestCreateNewUserStoriesWithExcel@536f2a7e]" name="verifyNewUserStoryIsCreatedWithTasksCorrectly" duration-ms="4159" started-at="2015-02-11T15:50:10Z" data-provider="UserStoryData" finished-at="2015-02-11T15:50:14Z">
          <params>
            <param index="0">
              <value>
                <![CDATA[Story6]]>
              </value>
            </param>
            <param index="1">
              <value>
                <![CDATA[Feature]]>
              </value>
            </param>
            <param index="2">
              <value>
                <![CDATA[2]]>
              </value>
            </param>
            <param index="3">
              <value>
                <![CDATA[Unstarted]]>
              </value>
            </param>
            <param index="4">
              <value>
                <![CDATA[Juan Carlos Guevara Ramirez]]>
              </value>
            </param>
            <param index="5">
              <value>
                <![CDATA[Description 6]]>
              </value>
            </param>
            <param index="6">
              <value>
                <![CDATA[Highly Optimized ]]>
              </value>
            </param>
          </params>
          <reporter-output>
          </reporter-output>
        </test-method> <!-- verifyNewUserStoryIsCreatedWithTasksCorrectly -->
        <test-method status="PASS" signature="cleanEnvironment()[pri:0, instance:tests.TestCreateNewUserStoriesWithExcel@536f2a7e]" name="cleanEnvironment" is-config="true" duration-ms="1770" started-at="2015-02-11T15:50:14Z" finished-at="2015-02-11T15:50:16Z">
          <reporter-output>
          </reporter-output>
        </test-method> <!-- cleanEnvironment -->
      </class> <!-- tests.TestCreateNewUserStoriesWithExcel -->
      <class name="tests.TestUpdateProject">
        <test-method status="PASS" signature="preConditions()[pri:0, instance:tests.TestUpdateProject@312aa7c]" name="preConditions" is-config="true" duration-ms="3592" started-at="2015-02-11T15:49:30Z" finished-at="2015-02-11T15:49:34Z">
          <reporter-output>
          </reporter-output>
        </test-method> <!-- preConditions -->
        <test-method status="PASS" signature="verifyNewProjectIsUpdatedCorrectly()[pri:0, instance:tests.TestUpdateProject@312aa7c]" name="verifyNewProjectIsUpdatedCorrectly" duration-ms="3687" started-at="2015-02-11T15:49:34Z" finished-at="2015-02-11T15:49:38Z">
          <reporter-output>
          </reporter-output>
        </test-method> <!-- verifyNewProjectIsUpdatedCorrectly -->
        <test-method status="PASS" signature="cleanEnvironment()[pri:0, instance:tests.TestUpdateProject@312aa7c]" name="cleanEnvironment" is-config="true" duration-ms="1739" started-at="2015-02-11T15:49:38Z" finished-at="2015-02-11T15:49:39Z">
          <reporter-output>
          </reporter-output>
        </test-method> <!-- cleanEnvironment -->
      </class> <!-- tests.TestUpdateProject -->
      <class name="tests.TestCreateNewProject">
        <test-method status="PASS" signature="verifyNewProjectIsCreatedCorrectly()[pri:0, instance:tests.TestCreateNewProject@72bc6553]" name="verifyNewProjectIsCreatedCorrectly" duration-ms="17437" started-at="2015-02-11T15:49:13Z" finished-at="2015-02-11T15:49:30Z">
          <reporter-output>
          </reporter-output>
        </test-method> <!-- verifyNewProjectIsCreatedCorrectly -->
      </class> <!-- tests.TestCreateNewProject -->
      <class name="tests.StartTestSuite">
        <test-method status="PASS" signature="init()[pri:0, instance:tests.StartTestSuite@533bda92]" name="init" is-config="true" duration-ms="911" started-at="2015-02-11T15:49:12Z" finished-at="2015-02-11T15:49:13Z">
          <reporter-output>
          </reporter-output>
        </test-method> <!-- init -->
        <test-method status="PASS" signature="quit()[pri:0, instance:tests.StartTestSuite@533bda92]" name="quit" is-config="true" duration-ms="1219" started-at="2015-02-11T15:50:33Z" finished-at="2015-02-11T15:50:34Z">
          <reporter-output>
          </reporter-output>
        </test-method> <!-- quit -->
      </class> <!-- tests.StartTestSuite -->
    </test> <!-- Project -->
  </suite> <!-- JAT_Test_Suite -->
</testng-results>
