<?xml version="1.0" encoding="UTF-8"?>
<testng-results skipped="0" failed="0" total="9" passed="9">
  <reporter-output>
  </reporter-output>
  <suite name="JAT_Test_Suite" duration-ms="70842" started-at="2015-02-11T14:13:12Z" finished-at="2015-02-11T14:14:23Z">
    <groups>
    </groups>
    <test name="Project" duration-ms="70842" started-at="2015-02-11T14:13:12Z" finished-at="2015-02-11T14:14:23Z">
      <class name="tests.TestCreateUserStoriesWithDataprovider">
        <test-method status="PASS" signature="preConditions()[pri:0, instance:tests.TestCreateUserStoriesWithDataprovider@4a8355dd]" name="preConditions" is-config="true" duration-ms="1828" started-at="2015-02-11T10:13:29Z" finished-at="2015-02-11T10:13:31Z">
          <reporter-output>
          </reporter-output>
        </test-method> <!-- preConditions -->
        <test-method status="PASS" signature="testMethod(java.lang.String, java.lang.String, java.lang.String, java.lang.String, java.lang.String, java.lang.String, java.lang.String)[pri:0, instance:tests.TestCreateUserStoriesWithDataprovider@4a8355dd]" name="testMethod" duration-ms="5894" started-at="2015-02-11T10:13:31Z" data-provider="SearchProvider" finished-at="2015-02-11T10:13:37Z">
          <params>
            <param index="0">
              <value>
                <![CDATA[Story1]]>
              </value>
            </param>
            <param index="1">
              <value>
                <![CDATA[Bug]]>
              </value>
            </param>
            <param index="2">
              <value>
                <![CDATA[1]]>
              </value>
            </param>
            <param index="3">
              <value>
                <![CDATA[Unstarted]]>
              </value>
            </param>
            <param index="4">
              <value>
                <![CDATA[Juan Carlos Guevara Ramirez]]>
              </value>
            </param>
            <param index="5">
              <value>
                <![CDATA[Description 1]]>
              </value>
            </param>
            <param index="6">
              <value>
                <![CDATA[Optimized poorly]]>
              </value>
            </param>
          </params>
          <reporter-output>
          </reporter-output>
        </test-method> <!-- testMethod -->
        <test-method status="PASS" signature="testMethod(java.lang.String, java.lang.String, java.lang.String, java.lang.String, java.lang.String, java.lang.String, java.lang.String)[pri:0, instance:tests.TestCreateUserStoriesWithDataprovider@4a8355dd]" name="testMethod" duration-ms="3660" started-at="2015-02-11T10:13:37Z" data-provider="SearchProvider" finished-at="2015-02-11T10:13:41Z">
          <params>
            <param index="0">
              <value>
                <![CDATA[Story2]]>
              </value>
            </param>
            <param index="1">
              <value>
                <![CDATA[Spike]]>
              </value>
            </param>
            <param index="2">
              <value>
                <![CDATA[2]]>
              </value>
            </param>
            <param index="3">
              <value>
                <![CDATA[Unstarted]]>
              </value>
            </param>
            <param index="4">
              <value>
                <![CDATA[Juan Carlos Guevara Ramirez]]>
              </value>
            </param>
            <param index="5">
              <value>
                <![CDATA[Description 2]]>
              </value>
            </param>
            <param index="6">
              <value>
                <![CDATA[Optimized medium]]>
              </value>
            </param>
          </params>
          <reporter-output>
          </reporter-output>
        </test-method> <!-- testMethod -->
        <test-method status="PASS" signature="testMethod(java.lang.String, java.lang.String, java.lang.String, java.lang.String, java.lang.String, java.lang.String, java.lang.String)[pri:0, instance:tests.TestCreateUserStoriesWithDataprovider@4a8355dd]" name="testMethod" duration-ms="3675" started-at="2015-02-11T10:13:41Z" data-provider="SearchProvider" finished-at="2015-02-11T10:13:44Z">
          <params>
            <param index="0">
              <value>
                <![CDATA[Story3]]>
              </value>
            </param>
            <param index="1">
              <value>
                <![CDATA[Bug]]>
              </value>
            </param>
            <param index="2">
              <value>
                <![CDATA[3]]>
              </value>
            </param>
            <param index="3">
              <value>
                <![CDATA[Unstarted]]>
              </value>
            </param>
            <param index="4">
              <value>
                <![CDATA[Juan Carlos Guevara Ramirez]]>
              </value>
            </param>
            <param index="5">
              <value>
                <![CDATA[Description 3]]>
              </value>
            </param>
            <param index="6">
              <value>
                <![CDATA[Optimized high]]>
              </value>
            </param>
          </params>
          <reporter-output>
          </reporter-output>
        </test-method> <!-- testMethod -->
        <test-method status="PASS" signature="cleanEnvironment()[pri:0, instance:tests.TestCreateUserStoriesWithDataprovider@4a8355dd]" name="cleanEnvironment" is-config="true" duration-ms="1831" started-at="2015-02-11T10:13:44Z" finished-at="2015-02-11T10:13:46Z">
          <reporter-output>
          </reporter-output>
        </test-method> <!-- cleanEnvironment -->
      </class> <!-- tests.TestCreateUserStoriesWithDataprovider -->
      <class name="tests.TestCreateOneProjectWithThreeUserStoriesWithJXL">
        <test-method status="PASS" signature="preConditions()[pri:0, instance:tests.TestCreateOneProjectWithThreeUserStoriesWithJXL@66982506]" name="preConditions" is-config="true" duration-ms="2812" started-at="2015-02-11T10:14:04Z" finished-at="2015-02-11T10:14:07Z">
          <reporter-output>
          </reporter-output>
        </test-method> <!-- preConditions -->
        <test-method status="PASS" signature="verifyNewProjectIsCreatedCorrectly()[pri:0, instance:tests.TestCreateOneProjectWithThreeUserStoriesWithJXL@66982506]" name="verifyNewProjectIsCreatedCorrectly" duration-ms="13780" started-at="2015-02-11T10:14:07Z" finished-at="2015-02-11T10:14:21Z">
          <reporter-output>
          </reporter-output>
        </test-method> <!-- verifyNewProjectIsCreatedCorrectly -->
        <test-method status="PASS" signature="cleanEnvironment()[pri:0, instance:tests.TestCreateOneProjectWithThreeUserStoriesWithJXL@66982506]" name="cleanEnvironment" is-config="true" duration-ms="1785" started-at="2015-02-11T10:14:21Z" finished-at="2015-02-11T10:14:23Z">
          <reporter-output>
          </reporter-output>
        </test-method> <!-- cleanEnvironment -->
      </class> <!-- tests.TestCreateOneProjectWithThreeUserStoriesWithJXL -->
      <class name="tests.TestCreateNewUserStoriesWithExcel">
        <test-method status="PASS" signature="preConditions()[pri:0, instance:tests.TestCreateNewUserStoriesWithExcel@536f2a7e]" name="preConditions" is-config="true" duration-ms="2766" started-at="2015-02-11T10:13:46Z" finished-at="2015-02-11T10:13:49Z">
          <reporter-output>
          </reporter-output>
        </test-method> <!-- preConditions -->
        <test-method status="PASS" signature="verifyNewUserStoryIsCreatedWithTasksCorrectly(java.lang.String, java.lang.String, java.lang.String, java.lang.String, java.lang.String, java.lang.String, java.lang.String)[pri:0, instance:tests.TestCreateNewUserStoriesWithExcel@536f2a7e]" name="verifyNewUserStoryIsCreatedWithTasksCorrectly" duration-ms="4233" started-at="2015-02-11T10:13:51Z" data-provider="UserStoryData" finished-at="2015-02-11T10:13:55Z">
          <params>
            <param index="0">
              <value>
                <![CDATA[Story4]]>
              </value>
            </param>
            <param index="1">
              <value>
                <![CDATA[Feature]]>
              </value>
            </param>
            <param index="2">
              <value>
                <![CDATA[1]]>
              </value>
            </param>
            <param index="3">
              <value>
                <![CDATA[Unstarted]]>
              </value>
            </param>
            <param index="4">
              <value>
                <![CDATA[Juan Carlos Guevara Ramirez]]>
              </value>
            </param>
            <param index="5">
              <value>
                <![CDATA[Description 4]]>
              </value>
            </param>
            <param index="6">
              <value>
                <![CDATA[Poorly Optimized ]]>
              </value>
            </param>
          </params>
          <reporter-output>
          </reporter-output>
        </test-method> <!-- verifyNewUserStoryIsCreatedWithTasksCorrectly -->
        <test-method status="PASS" signature="verifyNewUserStoryIsCreatedWithTasksCorrectly(java.lang.String, java.lang.String, java.lang.String, java.lang.String, java.lang.String, java.lang.String, java.lang.String)[pri:0, instance:tests.TestCreateNewUserStoriesWithExcel@536f2a7e]" name="verifyNewUserStoryIsCreatedWithTasksCorrectly" duration-ms="4173" started-at="2015-02-11T10:13:55Z" data-provider="UserStoryData" finished-at="2015-02-11T10:13:59Z">
          <params>
            <param index="0">
              <value>
                <![CDATA[Story5]]>
              </value>
            </param>
            <param index="1">
              <value>
                <![CDATA[Bug]]>
              </value>
            </param>
            <param index="2">
              <value>
                <![CDATA[1]]>
              </value>
            </param>
            <param index="3">
              <value>
                <![CDATA[Unstarted]]>
              </value>
            </param>
            <param index="4">
              <value>
                <![CDATA[Juan Carlos Guevara Ramirez]]>
              </value>
            </param>
            <param index="5">
              <value>
                <![CDATA[Description 5]]>
              </value>
            </param>
            <param index="6">
              <value>
                <![CDATA[Medium Optimized ]]>
              </value>
            </param>
          </params>
          <reporter-output>
          </reporter-output>
        </test-method> <!-- verifyNewUserStoryIsCreatedWithTasksCorrectly -->
        <test-method status="PASS" signature="verifyNewUserStoryIsCreatedWithTasksCorrectly(java.lang.String, java.lang.String, java.lang.String, java.lang.String, java.lang.String, java.lang.String, java.lang.String)[pri:0, instance:tests.TestCreateNewUserStoriesWithExcel@536f2a7e]" name="verifyNewUserStoryIsCreatedWithTasksCorrectly" duration-ms="3551" started-at="2015-02-11T10:13:59Z" data-provider="UserStoryData" finished-at="2015-02-11T10:14:03Z">
          <params>
            <param index="0">
              <value>
                <![CDATA[Story6]]>
              </value>
            </param>
            <param index="1">
              <value>
                <![CDATA[Feature]]>
              </value>
            </param>
            <param index="2">
              <value>
                <![CDATA[2]]>
              </value>
            </param>
            <param index="3">
              <value>
                <![CDATA[Unstarted]]>
              </value>
            </param>
            <param index="4">
              <value>
                <![CDATA[Juan Carlos Guevara Ramirez]]>
              </value>
            </param>
            <param index="5">
              <value>
                <![CDATA[Description 6]]>
              </value>
            </param>
            <param index="6">
              <value>
                <![CDATA[Highly Optimized ]]>
              </value>
            </param>
          </params>
          <reporter-output>
          </reporter-output>
        </test-method> <!-- verifyNewUserStoryIsCreatedWithTasksCorrectly -->
        <test-method status="PASS" signature="cleanEnvironment()[pri:0, instance:tests.TestCreateNewUserStoriesWithExcel@536f2a7e]" name="cleanEnvironment" is-config="true" duration-ms="1905" started-at="2015-02-11T10:14:03Z" finished-at="2015-02-11T10:14:04Z">
          <reporter-output>
          </reporter-output>
        </test-method> <!-- cleanEnvironment -->
      </class> <!-- tests.TestCreateNewUserStoriesWithExcel -->
      <class name="tests.TestUpdateProject">
        <test-method status="PASS" signature="preConditions()[pri:0, instance:tests.TestUpdateProject@312aa7c]" name="preConditions" is-config="true" duration-ms="4516" started-at="2015-02-11T10:13:19Z" finished-at="2015-02-11T10:13:24Z">
          <reporter-output>
          </reporter-output>
        </test-method> <!-- preConditions -->
        <test-method status="PASS" signature="verifyNewProjectIsUpdatedCorrectly()[pri:0, instance:tests.TestUpdateProject@312aa7c]" name="verifyNewProjectIsUpdatedCorrectly" duration-ms="4114" started-at="2015-02-11T10:13:24Z" finished-at="2015-02-11T10:13:28Z">
          <reporter-output>
          </reporter-output>
        </test-method> <!-- verifyNewProjectIsUpdatedCorrectly -->
        <test-method status="PASS" signature="cleanEnvironment()[pri:0, instance:tests.TestUpdateProject@312aa7c]" name="cleanEnvironment" is-config="true" duration-ms="1568" started-at="2015-02-11T10:13:28Z" finished-at="2015-02-11T10:13:29Z">
          <reporter-output>
          </reporter-output>
        </test-method> <!-- cleanEnvironment -->
      </class> <!-- tests.TestUpdateProject -->
      <class name="tests.TestCreateNewProject">
        <test-method status="PASS" signature="verifyNewProjectIsCreatedCorrectly()[pri:0, instance:tests.TestCreateNewProject@72bc6553]" name="verifyNewProjectIsCreatedCorrectly" duration-ms="4833" started-at="2015-02-11T10:13:12Z" finished-at="2015-02-11T10:13:17Z">
          <reporter-output>
          </reporter-output>
        </test-method> <!-- verifyNewProjectIsCreatedCorrectly -->
        <test-method status="PASS" signature="cleanEnvironment()[pri:0, instance:tests.TestCreateNewProject@72bc6553]" name="cleanEnvironment" is-config="true" duration-ms="2307" started-at="2015-02-11T10:13:17Z" finished-at="2015-02-11T10:13:19Z">
          <reporter-output>
          </reporter-output>
        </test-method> <!-- cleanEnvironment -->
      </class> <!-- tests.TestCreateNewProject -->
      <class name="tests.StartTestSuite">
        <test-method status="PASS" signature="init()[pri:0, instance:tests.StartTestSuite@533bda92]" name="init" is-config="true" duration-ms="993" started-at="2015-02-11T10:13:11Z" finished-at="2015-02-11T10:13:12Z">
          <reporter-output>
          </reporter-output>
        </test-method> <!-- init -->
        <test-method status="PASS" signature="quit()[pri:0, instance:tests.StartTestSuite@533bda92]" name="quit" is-config="true" duration-ms="1156" started-at="2015-02-11T10:14:23Z" finished-at="2015-02-11T10:14:24Z">
          <reporter-output>
          </reporter-output>
        </test-method> <!-- quit -->
      </class> <!-- tests.StartTestSuite -->
    </test> <!-- Project -->
  </suite> <!-- JAT_Test_Suite -->
</testng-results>
